{"level":"error","message":"User with this email Id is alreday exists","timestamp":"2022-01-04T11:30:23.010Z"}
{"level":"error","message":"Internal Error","timestamp":"2022-01-04T11:32:14.504Z"}
{"level":"error","message":"Internal Error","timestamp":"2022-01-04T11:32:36.514Z"}
{"level":"error","message":"Internal Error","timestamp":"2022-01-04T11:35:40.764Z"}
{"level":"error","message":"Internal Error","timestamp":"2022-01-04T11:36:58.695Z"}
{"level":"error","message":"Internal Error","timestamp":"2022-01-04T11:37:57.751Z"}
{"level":"error","message":"Internal Error","timestamp":"2022-01-04T11:38:09.019Z"}
{"level":"error","message":"Internal Error","timestamp":"2022-01-04T11:39:46.124Z"}
{"level":"error","message":"Internal Error","timestamp":"2022-01-04T11:39:58.376Z"}
{"level":"error","message":"Internal Error","timestamp":"2022-01-04T11:40:32.090Z"}
{"level":"error","message":"Internal Error","timestamp":"2022-01-04T11:43:02.982Z"}
{"level":"error","message":"Internal Error","timestamp":"2022-01-04T11:44:42.005Z"}
{"level":"error","message":"Internal Error","timestamp":"2022-01-04T11:46:55.041Z"}
{"level":"error","message":"Internal Error","timestamp":"2022-01-04T11:47:43.604Z"}
{"level":"error","message":"Internal Error","timestamp":"2022-01-04T11:48:51.176Z"}
{"level":"error","message":"Internal Error","timestamp":"2022-01-04T11:50:31.119Z"}
{"level":"error","message":"Internal Error","timestamp":"2022-01-04T11:53:00.353Z"}
{"kind":"ObjectId","level":"error","path":"_id","reason":{},"stringValue":"\"61ba1e02c08e50fb8cfc2e7c\"\"","timestamp":"2022-01-04T11:55:07.231Z","value":"61ba1e02c08e50fb8cfc2e7c\"","valueType":"string"}
{"level":"error","message":"failed to update note","timestamp":"2022-01-04T11:55:07.233Z"}
{"kind":"ObjectId","level":"error","path":"_id","reason":{},"stringValue":"\"61ba1e02c08e50fb8cfc2e7c\"\"","timestamp":"2022-01-04T11:55:34.795Z","value":"61ba1e02c08e50fb8cfc2e7c\"","valueType":"string"}
{"level":"error","message":"failed to update note","timestamp":"2022-01-04T11:55:34.803Z"}
{"level":"error","message":"Internal server error","timestamp":"2022-01-04T11:58:46.268Z"}
{"level":"error","message":"Internal server error","timestamp":"2022-01-04T11:59:42.282Z"}
{"level":"error","message":"Internal server error","timestamp":"2022-01-04T12:01:13.956Z"}
{"level":"error","message":"Internal server error","timestamp":"2022-01-04T12:02:40.639Z"}
{"level":"error","message":"Internal server error","timestamp":"2022-01-04T12:04:15.495Z"}
{"kind":"ObjectId","level":"error","path":"_id","reason":{},"stringValue":"\"61ba1e02c08e50fb8cfc2e7c\"\"","timestamp":"2022-01-04T12:09:42.506Z","value":"61ba1e02c08e50fb8cfc2e7c\"","valueType":"string"}
{"level":"error","message":"failed to update note","timestamp":"2022-01-04T12:09:42.515Z"}
{"kind":"ObjectId","level":"error","path":"_id","reason":{},"stringValue":"\"{\n  _id: '61ba1e02c08e50fb8cfc2e7c\"',\n  title: 'my is Jaswinder Singh',\n  description: 'digwa'\n}\"","timestamp":"2022-01-04T12:14:00.513Z","value":{"_id":"61ba1e02c08e50fb8cfc2e7c\"","description":"digwa","title":"my is Jaswinder Singh"},"valueType":"Object"}
{"level":"error","message":"failed to update note","timestamp":"2022-01-04T12:14:00.520Z"}
{"kind":"ObjectId","level":"error","path":"_id","reason":{},"stringValue":"\"61ba1e02c08e50fb8cfc2e7c\"\"","timestamp":"2022-01-04T12:14:36.924Z","value":"61ba1e02c08e50fb8cfc2e7c\"","valueType":"string"}
{"level":"error","message":"failed to update note","timestamp":"2022-01-04T12:14:36.933Z"}
{"kind":"ObjectId","level":"error","path":"_id","reason":{},"stringValue":"\"61ba1e02c08e50fb8cfc2e7c\"\"","timestamp":"2022-01-04T12:15:44.115Z","value":"61ba1e02c08e50fb8cfc2e7c\"","valueType":"string"}
{"level":"error","message":"failed to update note","timestamp":"2022-01-04T12:15:44.126Z"}
{"level":"error","message":"Wrong Input Validations","timestamp":"2022-01-04T12:28:26.332Z"}
{"level":"error","message":"Wrong Input Validations","timestamp":"2022-01-04T12:28:26.341Z"}
{"level":"error","message":"Wrong Input Validations","timestamp":"2022-01-04T12:28:26.348Z"}
{"level":"error","message":"Wrong Input Validations","timestamp":"2022-01-04T12:28:26.353Z"}
{"level":"error","timestamp":"2022-01-04T12:28:26.397Z"}
{"level":"error","message":"Some error occurred !","timestamp":"2022-01-04T12:28:26.443Z"}
{"level":"error","message":"Otp doesnt match","timestamp":"2022-01-04T12:28:26.457Z"}
{"level":"error","timestamp":"2022-01-04T12:28:26.458Z"}
{"level":"error","message":"Some error occurred !","timestamp":"2022-01-04T12:30:18.594Z"}
{"level":"error","message":"Some error occurred !","timestamp":"2022-01-04T12:30:18.628Z"}
{"level":"error","message":"data is not  found","timestamp":"2022-01-04T12:30:19.093Z"}
{"level":"error","message":"failed to update note","timestamp":"2022-01-04T12:30:19.094Z"}
{"level":"error","message":"data is not  found","timestamp":"2022-01-04T12:30:19.133Z"}
{"level":"error","message":"failed to update note","timestamp":"2022-01-04T12:30:19.134Z"}
{"level":"error","message":"data is not  found","timestamp":"2022-01-04T12:30:19.150Z"}
{"level":"error","message":"failed to update note","timestamp":"2022-01-04T12:30:19.151Z"}
{"level":"error","message":"data is not  found","timestamp":"2022-01-04T12:30:19.175Z"}
{"level":"error","message":"failed to update note","timestamp":"2022-01-04T12:30:19.175Z"}
{"level":"error","message":"data is not  found","timestamp":"2022-01-04T12:30:19.202Z"}
{"level":"error","message":"failed to update note","timestamp":"2022-01-04T12:30:19.203Z"}
{"level":"error","message":"data is not  found","timestamp":"2022-01-04T12:30:19.215Z"}
{"level":"error","message":"failed to update note","timestamp":"2022-01-04T12:30:19.215Z"}
{"level":"error","message":"Wrong Input Validations","timestamp":"2022-01-04T12:30:19.279Z"}
{"level":"error","message":"Wrong Input Validations","timestamp":"2022-01-04T12:30:19.291Z"}
{"level":"error","message":"Wrong Input Validations","timestamp":"2022-01-04T12:30:19.296Z"}
{"level":"error","message":"Wrong Input Validations","timestamp":"2022-01-04T12:30:19.302Z"}
{"level":"error","timestamp":"2022-01-04T12:30:19.329Z"}
{"level":"error","message":"Some error occurred !","timestamp":"2022-01-04T12:30:19.389Z"}
{"level":"error","message":"Otp doesnt match","timestamp":"2022-01-04T12:30:19.398Z"}
{"level":"error","timestamp":"2022-01-04T12:30:19.398Z"}
{"level":"error","message":"Some error occurred !","timestamp":"2022-01-04T12:31:52.481Z"}
{"level":"error","message":"Some error occurred !","timestamp":"2022-01-04T12:31:52.528Z"}
{"level":"error","message":"data is not  found","timestamp":"2022-01-04T12:31:53.041Z"}
{"level":"error","message":"failed to update note","timestamp":"2022-01-04T12:31:53.041Z"}
{"level":"error","message":"data is not  found","timestamp":"2022-01-04T12:31:53.067Z"}
{"level":"error","message":"failed to update note","timestamp":"2022-01-04T12:31:53.067Z"}
{"level":"error","message":"data is not  found","timestamp":"2022-01-04T12:31:53.083Z"}
{"level":"error","message":"failed to update note","timestamp":"2022-01-04T12:31:53.084Z"}
{"level":"error","message":"data is not  found","timestamp":"2022-01-04T12:31:53.097Z"}
{"level":"error","message":"failed to update note","timestamp":"2022-01-04T12:31:53.097Z"}
{"level":"error","message":"data is not  found","timestamp":"2022-01-04T12:31:53.109Z"}
{"level":"error","message":"failed to update note","timestamp":"2022-01-04T12:31:53.109Z"}
{"level":"error","message":"data is not  found","timestamp":"2022-01-04T12:31:53.123Z"}
{"level":"error","message":"failed to update note","timestamp":"2022-01-04T12:31:53.123Z"}
{"level":"error","message":"Wrong Input Validations","timestamp":"2022-01-04T12:31:53.178Z"}
{"level":"error","message":"Wrong Input Validations","timestamp":"2022-01-04T12:31:53.189Z"}
{"level":"error","message":"Wrong Input Validations","timestamp":"2022-01-04T12:31:53.193Z"}
{"level":"error","message":"Wrong Input Validations","timestamp":"2022-01-04T12:31:53.197Z"}
{"level":"error","timestamp":"2022-01-04T12:31:53.230Z"}
{"level":"error","message":"Some error occurred !","timestamp":"2022-01-04T12:31:53.265Z"}
{"level":"error","message":"Otp doesnt match","timestamp":"2022-01-04T12:31:53.273Z"}
{"level":"error","timestamp":"2022-01-04T12:31:53.274Z"}
{"level":"error","message":"Some error occurred !","timestamp":"2022-01-04T12:32:04.411Z"}
{"level":"error","message":"Some error occurred !","timestamp":"2022-01-04T12:32:04.450Z"}
{"level":"error","message":"data is not  found","timestamp":"2022-01-04T12:32:05.016Z"}
{"level":"error","message":"failed to update note","timestamp":"2022-01-04T12:32:05.017Z"}
{"level":"error","message":"data is not  found","timestamp":"2022-01-04T12:32:05.043Z"}
{"level":"error","message":"failed to update note","timestamp":"2022-01-04T12:32:05.043Z"}
{"level":"error","message":"data is not  found","timestamp":"2022-01-04T12:32:05.064Z"}
{"level":"error","message":"failed to update note","timestamp":"2022-01-04T12:32:05.064Z"}
{"level":"error","message":"data is not  found","timestamp":"2022-01-04T12:32:05.075Z"}
{"level":"error","message":"failed to update note","timestamp":"2022-01-04T12:32:05.075Z"}
{"level":"error","message":"data is not  found","timestamp":"2022-01-04T12:32:05.088Z"}
{"level":"error","message":"failed to update note","timestamp":"2022-01-04T12:32:05.088Z"}
{"level":"error","message":"data is not  found","timestamp":"2022-01-04T12:32:05.100Z"}
{"level":"error","message":"failed to update note","timestamp":"2022-01-04T12:32:05.100Z"}
{"level":"error","message":"Wrong Input Validations","timestamp":"2022-01-04T12:32:05.154Z"}
{"level":"error","message":"Wrong Input Validations","timestamp":"2022-01-04T12:32:05.164Z"}
{"level":"error","message":"Wrong Input Validations","timestamp":"2022-01-04T12:32:05.169Z"}
{"level":"error","message":"Wrong Input Validations","timestamp":"2022-01-04T12:32:05.173Z"}
{"level":"error","timestamp":"2022-01-04T12:32:05.200Z"}
{"level":"error","message":"Some error occurred !","timestamp":"2022-01-04T12:32:05.257Z"}
{"level":"error","message":"Otp doesnt match","timestamp":"2022-01-04T12:32:05.265Z"}
{"level":"error","timestamp":"2022-01-04T12:32:05.265Z"}
