{"level":"error","message":"Internal server error","timestamp":"2021-12-06T08:02:43.175Z"}
{"level":"error","message":"Internal server error","timestamp":"2021-12-06T08:04:11.647Z"}
{"level":"error","message":"Internal server error","timestamp":"2021-12-06T08:04:22.227Z"}
{"level":"error","message":"Internal server error","timestamp":"2021-12-06T08:05:18.588Z"}
{"level":"error","message":"Internal server error","timestamp":"2021-12-06T08:05:25.943Z"}
{"level":"info","message":"User registered","timestamp":"2021-12-06T08:05:55.669Z"}
{"level":"info","message":"Email id found","timestamp":"2021-12-06T11:15:39.792Z"}
{"level":"info","message":"Email id found","timestamp":"2021-12-06T11:17:22.462Z"}
{"level":"info","message":" token generated ","timestamp":"2021-12-06T11:17:22.495Z"}
{"level":"info","message":"User registered","timestamp":"2021-12-06T11:58:28.238Z"}
{"level":"info","message":"Email id found","timestamp":"2021-12-06T11:58:48.416Z"}
{"level":"info","message":" token generated ","timestamp":"2021-12-06T11:58:48.462Z"}
{"level":"info","message":"Email id found","timestamp":"2021-12-06T12:23:42.272Z"}
{"level":"info","message":" token generated ","timestamp":"2021-12-06T12:23:42.311Z"}
{"level":"info","message":"User registered","timestamp":"2021-12-07T11:04:01.259Z"}
{"level":"info","message":"User registered","timestamp":"2021-12-07T11:48:42.770Z"}
{"level":"error","message":"Internal server error","timestamp":"2021-12-07T11:49:46.607Z"}
{"level":"error","message":"Internal server error","timestamp":"2021-12-07T11:51:29.589Z"}
{"level":"error","message":"Internal server error","timestamp":"2021-12-07T11:54:15.408Z"}
{"level":"error","message":"Internal server error","timestamp":"2021-12-07T11:54:49.277Z"}
{"level":"info","message":"Email id found","timestamp":"2021-12-07T12:13:31.070Z"}
{"level":"info","message":" token generated ","timestamp":"2021-12-07T12:13:31.108Z"}
{"level":"info","message":"Email id found","timestamp":"2021-12-07T12:15:06.109Z"}
{"level":"info","message":" token generated ","timestamp":"2021-12-07T12:15:06.145Z"}
{"level":"info","message":"Email id found","timestamp":"2021-12-08T10:50:58.836Z"}
{"level":"info","message":" token generated ","timestamp":"2021-12-08T10:50:58.889Z"}
{"level":"error","message":"User with email id doesnt exists","timestamp":"2021-12-08T13:10:16.760Z"}
{"level":"error","message":"User with email id doesnt exists","timestamp":"2021-12-08T13:10:16.771Z"}
{"level":"info","message":"User registered","timestamp":"2021-12-08T13:10:29.852Z"}
{"level":"info","message":"Email id found","timestamp":"2021-12-08T13:10:51.931Z"}
{"level":"info","message":" token generated ","timestamp":"2021-12-08T13:10:52.020Z"}
{"level":"info","message":"User registered","timestamp":"2021-12-09T17:56:03.494Z"}
{"level":"error","message":"Wrong Input Validations","timestamp":"2021-12-09T17:59:33.735Z"}
{"level":"error","message":"Wrong Input Validations","timestamp":"2021-12-09T17:59:35.994Z"}
{"level":"info","message":"User registered","timestamp":"2021-12-10T06:42:22.761Z"}
{"level":"info","message":"User registered","timestamp":"2021-12-10T06:44:21.456Z"}
{"level":"info","message":"Email id found","timestamp":"2021-12-10T06:44:42.389Z"}
{"level":"info","message":" token generated ","timestamp":"2021-12-10T06:44:42.421Z"}
{"level":"info","message":"User registered","timestamp":"2021-12-10T06:48:12.407Z"}
{"level":"info","message":"Email id found","timestamp":"2021-12-10T06:48:42.477Z"}
{"level":"info","message":" token generated ","timestamp":"2021-12-10T06:48:42.508Z"}
{"level":"error","message":"User with email id doesnt exists","timestamp":"2021-12-10T07:08:39.049Z"}
{"level":"error","message":"User with email id doesnt exists","timestamp":"2021-12-10T07:08:39.051Z"}
{"level":"info","message":"User registered","timestamp":"2021-12-10T07:09:01.566Z"}
{"level":"info","message":"Email id found","timestamp":"2021-12-10T07:09:29.483Z"}
{"level":"info","message":" token generated ","timestamp":"2021-12-10T07:09:29.520Z"}
{"level":"error","message":"Internal server error","timestamp":"2021-12-10T07:25:35.177Z"}
{"level":"error","message":"Internal server error","timestamp":"2021-12-10T07:25:43.182Z"}
{"level":"error","message":"Internal server error","timestamp":"2021-12-10T07:26:14.053Z"}
{"level":"error","message":"Internal server error","timestamp":"2021-12-10T07:55:36.809Z"}
{"level":"error","message":"Internal server error","timestamp":"2021-12-10T08:24:18.767Z"}
{"level":"error","message":"Internal server error","timestamp":"2021-12-10T08:25:04.408Z"}
{"level":"error","message":"Internal server error","timestamp":"2021-12-10T08:25:19.312Z"}
{"level":"error","message":"Internal server error","timestamp":"2021-12-10T08:25:32.985Z"}
{"level":"error","message":"Internal server error","timestamp":"2021-12-10T08:26:00.202Z"}
{"level":"info","message":"Password reset succesfully","timestamp":"2021-12-10T08:37:10.286Z"}
{"level":"error","message":"Invalid password","timestamp":"2021-12-10T09:00:15.716Z"}
{"level":"info","message":"User registered","timestamp":"2021-12-10T09:01:25.987Z"}
{"level":"info","message":"User registered","timestamp":"2021-12-10T10:56:00.912Z"}
{"level":"error","message":"Invalid password","timestamp":"2021-12-10T11:10:00.865Z"}
{"level":"error","message":"Invalid password","timestamp":"2021-12-10T11:10:10.243Z"}
{"level":"error","message":"Invalid password","timestamp":"2021-12-10T11:10:52.908Z"}
{"level":"error","message":"Invalid password","timestamp":"2021-12-10T11:11:14.808Z"}
{"level":"error","message":"Invalid password","timestamp":"2021-12-10T11:11:30.548Z"}
{"level":"info","message":"Password reset succesfully","timestamp":"2021-12-10T11:12:58.773Z"}
{"level":"error","message":"Otp doesnt match","timestamp":"2021-12-10T11:32:25.866Z"}
{"level":"error","message":"Otp doesnt match","timestamp":"2021-12-10T11:32:25.868Z"}
{"level":"info","message":"Password reset succesfully","timestamp":"2021-12-10T11:32:54.653Z"}
{"level":"info","message":"Password reset succesfully","timestamp":"2021-12-10T14:23:54.492Z"}
{"level":"error","message":"Invalid password","timestamp":"2021-12-12T09:42:56.632Z"}
{"level":"error","message":"Invalid password","timestamp":"2021-12-12T09:43:16.088Z"}
{"level":"error","message":"Invalid password","timestamp":"2021-12-12T09:43:21.742Z"}
{"level":"error","message":"Invalid password","timestamp":"2021-12-12T09:43:55.659Z"}
{"level":"error","message":"Invalid password","timestamp":"2021-12-12T09:43:57.170Z"}
{"level":"error","message":"Invalid password","timestamp":"2021-12-12T09:44:32.139Z"}
{"level":"error","message":"Invalid password","timestamp":"2021-12-12T09:44:49.273Z"}
{"level":"error","message":"Invalid password","timestamp":"2021-12-12T09:45:24.983Z"}
{"level":"info","message":"Password reset succesfully","timestamp":"2021-12-12T09:46:48.362Z"}
{"level":"error","message":"Invalid password","timestamp":"2021-12-12T09:47:21.481Z"}
{"level":"error","message":"Invalid password","timestamp":"2021-12-12T09:48:18.532Z"}
{"level":"error","message":"Invalid password","timestamp":"2021-12-12T09:50:11.200Z"}
{"level":"info","message":"Password reset succesfully","timestamp":"2021-12-12T09:52:25.535Z"}
{"level":"error","message":"Invalid User","timestamp":"2021-12-12T10:50:12.172Z"}
{"level":"error","message":"Invalid Credential","timestamp":"2021-12-12T10:50:12.174Z"}
{"level":"info","message":"User registered","timestamp":"2021-12-12T10:50:28.018Z"}
{"level":"info","message":"Email id found","timestamp":"2021-12-12T10:50:53.150Z"}
{"level":"info","message":" token generated ","timestamp":"2021-12-12T10:50:53.183Z"}
{"level":"error","message":"Internal server error","timestamp":"2021-12-12T10:54:57.947Z"}
{"level":"error","message":"Internal server error","timestamp":"2021-12-12T10:57:28.762Z"}
{"level":"error","message":"Internal server error","timestamp":"2021-12-12T10:59:09.338Z"}
{"level":"error","message":"Internal server error","timestamp":"2021-12-12T10:59:25.136Z"}
{"level":"error","message":"Internal server error","timestamp":"2021-12-12T11:00:24.304Z"}
{"level":"error","message":"Internal server error","timestamp":"2021-12-12T11:01:37.548Z"}
{"level":"error","message":"Internal server error","timestamp":"2021-12-12T11:03:19.043Z"}
{"level":"info","message":"Email id found","timestamp":"2021-12-12T11:12:52.916Z"}
{"level":"info","message":" token generated ","timestamp":"2021-12-12T11:12:52.950Z"}
{"level":"info","message":"Email id found","timestamp":"2021-12-12T11:13:33.885Z"}
{"level":"info","message":" token generated ","timestamp":"2021-12-12T11:13:33.919Z"}
{"level":"info","message":"Email id found","timestamp":"2021-12-12T11:15:28.521Z"}
{"level":"info","message":" token generated","timestamp":"2021-12-12T11:15:28.559Z"}
{"level":"error","message":"Internal server error","timestamp":"2021-12-12T11:18:05.654Z"}
{"level":"error","message":"Internal server error","timestamp":"2021-12-12T11:36:52.385Z"}
{"level":"error","message":"Internal server error","timestamp":"2021-12-12T11:37:55.194Z"}
{"level":"error","message":"Internal server error","timestamp":"2021-12-12T11:38:03.817Z"}
{"level":"info","message":"Email id found","timestamp":"2021-12-12T11:38:21.013Z"}
{"level":"info","message":" token generated","timestamp":"2021-12-12T11:38:21.049Z"}
{"level":"error","message":"Internal server error","timestamp":"2021-12-12T11:38:33.891Z"}
{"level":"error","message":"Internal server error","timestamp":"2021-12-12T11:38:43.178Z"}
{"level":"error","message":"Internal server error","timestamp":"2021-12-12T11:39:34.325Z"}
{"level":"error","message":"Internal server error","timestamp":"2021-12-12T11:39:47.276Z"}
{"level":"error","message":"Internal server error","timestamp":"2021-12-12T11:49:22.872Z"}
{"level":"info","message":"Email id found","timestamp":"2021-12-12T11:58:14.723Z"}
{"level":"info","message":" token generated","timestamp":"2021-12-12T11:58:14.761Z"}
{"level":"info","message":"Email id found","timestamp":"2021-12-12T12:34:07.293Z"}
{"level":"info","message":" token generated","timestamp":"2021-12-12T12:34:07.329Z"}
{"level":"info","message":"Email id found","timestamp":"2021-12-12T12:34:55.908Z"}
{"level":"info","message":" token generated","timestamp":"2021-12-12T12:34:55.939Z"}
{"level":"info","message":"User registered","timestamp":"2021-12-12T12:35:08.368Z"}
{"level":"info","message":"Email id found","timestamp":"2021-12-12T12:35:22.173Z"}
{"level":"info","message":" token generated","timestamp":"2021-12-12T12:35:22.204Z"}
{"level":"info","message":"Email id found","timestamp":"2021-12-12T12:36:36.366Z"}
{"level":"info","message":" token generated","timestamp":"2021-12-12T12:36:36.400Z"}
{"level":"info","message":"Email id found","timestamp":"2021-12-12T12:36:49.058Z"}
{"level":"info","message":" token generated","timestamp":"2021-12-12T12:36:49.088Z"}
{"level":"info","message":"Successfully inserted note","timestamp":"2021-12-12T13:17:41.041Z"}
{"level":"info","message":"Password reset succesfully","timestamp":"2021-12-12T14:28:31.410Z"}
{"level":"info","message":"Email id found","timestamp":"2021-12-12T14:29:36.315Z"}
{"level":"error","message":null,"timestamp":"2021-12-12T14:29:36.348Z"}
{"level":"info","message":"Email id found","timestamp":"2021-12-12T14:35:01.718Z"}
{"level":"error","message":null,"timestamp":"2021-12-12T14:35:01.749Z"}
